TN:
SF:./app/scripts/auto-config-fake-server.coffee
FN:1,(anonymous_1)
FN:9,(anonymous_2)
FN:27,(anonymous_3)
FN:30,(anonymous_4)
FN:53,(anonymous_5)
FN:71,(anonymous_6)
FN:88,(anonymous_7)
FN:109,(anonymous_8)
FN:129,(anonymous_9)
FN:152,(anonymous_10)
FN:159,(anonymous_11)
FN:165,(anonymous_12)
FN:171,(anonymous_13)
FN:201,(anonymous_14)
FN:205,(anonymous_15)
FN:219,(anonymous_16)
FN:225,(anonymous_17)
FN:228,(anonymous_18)
FNF:18
FNH:17
FNDA:1,(anonymous_1)
FNDA:376,(anonymous_2)
FNDA:8,(anonymous_3)
FNDA:4844,(anonymous_4)
FNDA:6,(anonymous_5)
FNDA:60,(anonymous_6)
FNDA:57,(anonymous_7)
FNDA:160,(anonymous_8)
FNDA:30,(anonymous_9)
FNDA:1,(anonymous_10)
FNDA:8,(anonymous_11)
FNDA:12,(anonymous_12)
FNDA:30,(anonymous_13)
FNDA:6,(anonymous_14)
FNDA:0,(anonymous_15)
FNDA:6,(anonymous_16)
FNDA:3,(anonymous_17)
FNDA:3,(anonymous_18)
DA:1,1
DA:3,1
DA:5,1
DA:7,1
DA:9,1
DA:10,376
DA:11,376
DA:12,376
DA:13,376
DA:14,277
DA:16,99
DA:17,99
DA:18,287
DA:19,287
DA:20,287
DA:21,287
DA:24,99
DA:27,1
DA:28,8
DA:29,8
DA:30,8
DA:31,4844
DA:32,4844
DA:33,8
DA:34,4
DA:35,4
DA:37,0
DA:38,0
DA:39,0
DA:41,4
DA:43,4
DA:44,4
DA:48,8
DA:49,8
DA:50,8
DA:53,1
DA:54,6
DA:55,6
DA:56,6
DA:57,6
DA:58,6
DA:59,6
DA:60,6
DA:61,6
DA:62,6
DA:63,6
DA:65,6
DA:66,3
DA:68,3
DA:71,1
DA:72,60
DA:73,60
DA:74,60
DA:75,60
DA:76,180
DA:77,180
DA:78,60
DA:79,120
DA:80,120
DA:82,0
DA:85,60
DA:88,1
DA:89,57
DA:90,57
DA:91,7
DA:93,57
DA:94,57
DA:95,57
DA:96,57
DA:98,57
DA:99,57
DA:100,120
DA:101,120
DA:103,57
DA:104,23
DA:106,57
DA:109,1
DA:110,160
DA:111,160
DA:112,160
DA:113,44
DA:114,116
DA:115,0
DA:116,116
DA:117,20
DA:118,96
DA:119,35
DA:120,61
DA:121,7
DA:122,54
DA:123,50
DA:124,50
DA:126,160
DA:129,1
DA:130,30
DA:131,30
DA:132,30
DA:133,86
DA:134,86
DA:135,14
DA:136,14
DA:137,28
DA:138,28
DA:139,28
DA:140,84
DA:141,84
DA:142,84
DA:143,84
DA:146,14
DA:149,30
DA:152,1
DA:153,1
DA:154,1
DA:155,1
DA:156,1
DA:159,1
DA:160,8
DA:161,8
DA:162,8
DA:163,8
DA:164,12
DA:165,12
DA:166,12
DA:167,12
DA:168,12
DA:169,12
DA:170,30
DA:171,30
DA:172,30
DA:173,30
DA:174,30
DA:175,40
DA:176,40
DA:177,40
DA:178,40
DA:179,40
DA:180,40
DA:181,40
DA:182,40
DA:187,40
DA:189,0
DA:192,30
DA:195,12
DA:198,8
DA:201,1
DA:202,6
DA:203,6
DA:204,6
DA:205,6
DA:206,0
DA:207,0
DA:208,0
DA:209,0
DA:210,0
DA:213,0
DA:215,6
DA:216,6
DA:219,1
DA:220,6
DA:221,6
DA:222,6
DA:225,1
DA:226,3
DA:227,3
DA:228,3
DA:229,3
DA:230,3
DA:231,3
DA:233,3
DA:234,2
DA:236,1
DA:240,1
DA:241,1
LF:173
LH:161
BRDA:13,1,0,277
BRDA:13,1,1,99
BRDA:13,2,0,376
BRDA:13,2,1,376
BRDA:20,3,0,287
BRDA:20,3,1,0
BRDA:32,4,0,8
BRDA:32,4,1,4836
BRDA:33,5,0,4
BRDA:33,5,1,4
BRDA:57,6,0,6
BRDA:57,6,1,0
BRDA:58,7,0,6
BRDA:58,7,1,2
BRDA:65,8,0,3
BRDA:65,8,1,3
BRDA:65,9,0,6
BRDA:65,9,1,5
BRDA:65,9,2,4
BRDA:77,10,0,60
BRDA:77,10,1,120
BRDA:79,11,0,120
BRDA:79,11,1,0
BRDA:90,12,0,7
BRDA:90,12,1,50
BRDA:95,13,0,57
BRDA:95,13,1,0
BRDA:98,14,0,57
BRDA:98,14,1,0
BRDA:103,15,0,23
BRDA:103,15,1,34
BRDA:112,16,0,44
BRDA:112,16,1,116
BRDA:114,17,0,0
BRDA:114,17,1,116
BRDA:116,18,0,20
BRDA:116,18,1,96
BRDA:116,19,0,116
BRDA:116,19,1,109
BRDA:118,20,0,35
BRDA:118,20,1,61
BRDA:120,21,0,7
BRDA:120,21,1,54
BRDA:122,22,0,50
BRDA:122,22,1,4
BRDA:122,23,0,50
BRDA:122,23,1,4
BRDA:124,24,0,50
BRDA:124,24,1,0
BRDA:134,25,0,14
BRDA:134,25,1,72
BRDA:161,26,0,8
BRDA:161,26,1,1
BRDA:176,27,0,40
BRDA:176,27,1,0
BRDA:176,28,0,40
BRDA:176,28,1,0
BRDA:176,29,0,40
BRDA:176,29,1,0
BRDA:177,30,0,40
BRDA:177,30,1,0
BRDA:209,31,0,0
BRDA:209,31,1,0
BRDA:222,32,0,6
BRDA:222,32,1,0
BRDA:231,33,0,3
BRDA:231,33,1,0
BRDA:233,34,0,2
BRDA:233,34,1,1
BRDA:240,35,0,1
BRDA:240,35,1,0
BRF:71
BRH:55
end_of_record
